<?xml version="1.0" encoding="UTF-8"?>
<testng-results skipped="0" failed="0" ignored="0" total="1" passed="1">
  <reporter-output>
  </reporter-output>
  <suite name="Default suite" duration-ms="10729" started-at="2018-05-27T03:32:33Z" finished-at="2018-05-27T03:32:43Z">
    <groups>
    </groups>
    <test name="Default test" duration-ms="10729" started-at="2018-05-27T03:32:33Z" finished-at="2018-05-27T03:32:43Z">
      <class name="com.wolverine.test.regression.TestLoginU13857">
        <test-method status="PASS" signature="preConditon()[pri:0, instance:com.wolverine.test.regression.TestLoginU13857@68c4039c]" name="preConditon" is-config="true" duration-ms="7073" started-at="2018-05-27T09:02:33Z" finished-at="2018-05-27T09:02:40Z">
          <reporter-output>
          </reporter-output>
        </test-method> <!-- preConditon -->
        <test-method status="PASS" signature="testLoginTC184765()[pri:0, instance:com.wolverine.test.regression.TestLoginU13857@68c4039c]" name="testLoginTC184765" duration-ms="3631" started-at="2018-05-27T09:02:40Z" finished-at="2018-05-27T09:02:43Z">
          <reporter-output>
          </reporter-output>
        </test-method> <!-- testLoginTC184765 -->
        <test-method status="PASS" signature="postCondition()[pri:0, instance:com.wolverine.test.regression.TestLoginU13857@68c4039c]" name="postCondition" is-config="true" duration-ms="9" started-at="2018-05-27T09:02:43Z" finished-at="2018-05-27T09:02:43Z">
          <reporter-output>
          </reporter-output>
        </test-method> <!-- postCondition -->
      </class> <!-- com.wolverine.test.regression.TestLoginU13857 -->
    </test> <!-- Default test -->
  </suite> <!-- Default suite -->
</testng-results>
